<?xml version="1.0" encoding="UTF-8"?>
<testsuites name="LoginTestSuite" time="76" tests="2" failures="0" errors="0">
   <testsuite name="LoginTestSuite" tests="2" failures="0" errors="0" time="76" timestamp="2019-01-06 16:41:31" hostname="user - DESKTOP-3JHPPTI" id="Test Suites/efc/LoginTestSuite">
      <properties>
         <property name="deviceName" value=""/>
         <property name="devicePlatform" value=""/>
         <property name="logFolder" value="C:\\WorkSpace\\kalatonstudioproject\\efcrecordandplayback\\Reports\\efc\\LoginTestSuite\\20190106_164126"/>
         <property name="logFiles" value="C:\\WorkSpace\\kalatonstudioproject\\efcrecordandplayback\\Reports\\efc\\LoginTestSuite\\20190106_164126\\execution0.log"/>
         <property name="attachments" value=""/>
         <property name="hostName" value="user - DESKTOP-3JHPPTI"/>
         <property name="os" value="Windows 10 64bit"/>
         <property name="katalonVersion" value="5.10.1.1"/>
         <property name="browser" value="Chrome 71.0.3578.98"/>
         <property name="hostAddress" value="192.168.0.7"/>
         <property name="sessionId" value="1e4e9a572fc5b66c64ef5671cd8ef398"/>
         <property name="seleniumVersion" value="3.7.1"/>
         <property name="proxyInformation" value="ProxyInformation{proxyOption=NO_PROXY, proxyServerType=HTTP, password=, proxyServerAddress=, proxyServerPort=0}"/>
         <property name="platform" value="Windows 10"/>
      </properties>
      <testcase name="Test Cases/UserLogin/Login" classname="Test Cases/UserLogin/Login" status="PASSED">
         <system-out><![CDATA[2019-01-06 16:41:32 - [TEST_CASE][PASSED] - Test Cases/UserLogin/Login: Test Cases/UserLogin/Login

2019-01-06 16:41:33 - [TEST_STEP][PASSED] - openBrowser(applicationUrl): Browser is opened with url: 'https://www.efinancialcareers.co.uk'

2019-01-06 16:41:34 - [MESSAGE][INFO] - Starting 'Chrome' driver

2019-01-06 16:41:34 - [MESSAGE][INFO] - Action delay is set to 0 seconds

2019-01-06 16:41:49 - [MESSAGE][PASSED] - Browser is opened with url: 'https://www.efinancialcareers.co.uk'

2019-01-06 16:41:49 - [TEST_STEP][PASSED] - maximizeWindow(): Current window maximized

2019-01-06 16:41:50 - [MESSAGE][PASSED] - Current window maximized

2019-01-06 16:41:50 - [TEST_STEP][PASSED] - waitForPageLoad(timeOut): Wait for page load successfully

2019-01-06 16:41:52 - [MESSAGE][PASSED] - Wait for page load successfully

2019-01-06 16:41:52 - [TEST_STEP][PASSED] - waitForElementVisible(findTestObject("Efc/EfcLoginPage/EfcLogo"), timeOut): Object 'Object Repository/Efc/EfcLoginPage/EfcLogo' is visible

2019-01-06 16:41:53 - [MESSAGE][PASSED] - Object 'Object Repository/Efc/EfcLoginPage/EfcLogo' is visible

2019-01-06 16:41:53 - [TEST_STEP][PASSED] - verifyElementPresent(findTestObject("Efc/EfcLoginPage/SearchButton"), timeOut): Object 'Object Repository/Efc/EfcLoginPage/SearchButton' is present

2019-01-06 16:41:53 - [MESSAGE][PASSED] - Object 'Object Repository/Efc/EfcLoginPage/SearchButton' is present

2019-01-06 16:41:53 - [TEST_STEP][PASSED] - click(findTestObject("Efc/EfcLoginPage/LoginButton")): Object: 'Object Repository/Efc/EfcLoginPage/LoginButton' is clicked on

2019-01-06 16:41:59 - [MESSAGE][PASSED] - Object: 'Object Repository/Efc/EfcLoginPage/LoginButton' is clicked on

2019-01-06 16:41:59 - [TEST_STEP][PASSED] - clearText(findTestObject("Efc/EfcLoginPage/UserName")): Text of object 'Object Repository/Efc/EfcLoginPage/UserName' is cleared

2019-01-06 16:41:59 - [MESSAGE][PASSED] - Text of object 'Object Repository/Efc/EfcLoginPage/UserName' is cleared

2019-01-06 16:41:59 - [TEST_STEP][PASSED] - sendKeys(findTestObject("Efc/EfcLoginPage/UserName"), username): Keys 'ben.doni@outlook.com' sent to object: 'Object Repository/Efc/EfcLoginPage/UserName'

2019-01-06 16:41:59 - [MESSAGE][PASSED] - Keys 'ben.doni@outlook.com' sent to object: 'Object Repository/Efc/EfcLoginPage/UserName'

2019-01-06 16:41:59 - [TEST_STEP][PASSED] - clearText(findTestObject("Efc/EfcLoginPage/Password"), STOP_ON_FAILURE): Text of object 'Object Repository/Efc/EfcLoginPage/Password' is cleared

2019-01-06 16:41:59 - [MESSAGE][PASSED] - Text of object 'Object Repository/Efc/EfcLoginPage/Password' is cleared

2019-01-06 16:41:59 - [TEST_STEP][PASSED] - sendKeys(findTestObject("Efc/EfcLoginPage/Password"), password): Keys 'testing123' sent to object: 'Object Repository/Efc/EfcLoginPage/Password'

2019-01-06 16:42:00 - [MESSAGE][PASSED] - Keys 'testing123' sent to object: 'Object Repository/Efc/EfcLoginPage/Password'

2019-01-06 16:42:00 - [TEST_STEP][PASSED] - click(findTestObject("Efc/EfcLoginPage/LoginLink")): Object: 'Object Repository/Efc/EfcLoginPage/LoginLink' is clicked on

2019-01-06 16:42:05 - [MESSAGE][PASSED] - Object: 'Object Repository/Efc/EfcLoginPage/LoginLink' is clicked on

2019-01-06 16:42:05 - [TEST_STEP][PASSED] - verifyElementPresent(findTestObject("Efc/EfcLoginPage/WelcomeMessage"), timeOut): Object 'Object Repository/Efc/EfcLoginPage/WelcomeMessage' is present

2019-01-06 16:42:05 - [MESSAGE][PASSED] - Object 'Object Repository/Efc/EfcLoginPage/WelcomeMessage' is present

2019-01-06 16:42:05 - [TEST_STEP][PASSED] - click(findTestObject("Efc/EfcLoginPage/ProfileLink")): Object: 'Object Repository/Efc/EfcLoginPage/ProfileLink' is clicked on

2019-01-06 16:42:05 - [MESSAGE][PASSED] - Object: 'Object Repository/Efc/EfcLoginPage/ProfileLink' is clicked on

2019-01-06 16:42:05 - [TEST_STEP][PASSED] - scrollToElement(findTestObject("Efc/EfcLoginPage/Logout"), timeOut): Scroll to object 'Object Repository/Efc/EfcLoginPage/Logout' successfully

2019-01-06 16:42:05 - [MESSAGE][PASSED] - Scroll to object 'Object Repository/Efc/EfcLoginPage/Logout' successfully

2019-01-06 16:42:05 - [TEST_STEP][PASSED] - click(findTestObject("Efc/EfcLoginPage/Logout")): Object: 'Object Repository/Efc/EfcLoginPage/Logout' is clicked on

2019-01-06 16:42:11 - [MESSAGE][PASSED] - Object: 'Object Repository/Efc/EfcLoginPage/Logout' is clicked on

2019-01-06 16:42:11 - [TEST_STEP][PASSED] - closeBrowser(STOP_ON_FAILURE): Browser is closed

2019-01-06 16:42:12 - [MESSAGE][PASSED] - Browser is closed]]></system-out>
         <system-err><![CDATA[]]></system-err>
      </testcase>
      <testcase name="Test Cases/UserLogin/LoginWithParameterization" classname="Test Cases/UserLogin/LoginWithParameterization" status="PASSED">
         <system-out><![CDATA[2019-01-06 16:42:12 - [TEST_CASE][PASSED] - Test Cases/UserLogin/LoginWithParameterization: Test Cases/UserLogin/LoginWithParameterization

2019-01-06 16:42:12 - [TEST_STEP][PASSED] - openBrowser(applicationUrl): Browser is opened with url: 'https://www.efinancialcareers.co.uk'

2019-01-06 16:42:12 - [MESSAGE][INFO] - Starting 'Chrome' driver

2019-01-06 16:42:24 - [MESSAGE][PASSED] - Browser is opened with url: 'https://www.efinancialcareers.co.uk'

2019-01-06 16:42:24 - [TEST_STEP][PASSED] - maximizeWindow(): Current window maximized

2019-01-06 16:42:25 - [MESSAGE][PASSED] - Current window maximized

2019-01-06 16:42:25 - [TEST_STEP][PASSED] - waitForPageLoad(timeOut): Wait for page load successfully

2019-01-06 16:42:26 - [MESSAGE][PASSED] - Wait for page load successfully

2019-01-06 16:42:26 - [TEST_STEP][PASSED] - waitForElementVisible(findTestObject("Efc/EfcLoginPage/EfcLogo"), timeOut): Object 'Object Repository/Efc/EfcLoginPage/EfcLogo' is visible

2019-01-06 16:42:27 - [MESSAGE][PASSED] - Object 'Object Repository/Efc/EfcLoginPage/EfcLogo' is visible

2019-01-06 16:42:27 - [TEST_STEP][PASSED] - verifyElementPresent(findTestObject("Efc/EfcLoginPage/SearchButton"), timeOut): Object 'Object Repository/Efc/EfcLoginPage/SearchButton' is present

2019-01-06 16:42:27 - [MESSAGE][PASSED] - Object 'Object Repository/Efc/EfcLoginPage/SearchButton' is present

2019-01-06 16:42:27 - [TEST_STEP][PASSED] - click(findTestObject("Efc/EfcLoginPage/LoginButton")): Object: 'Object Repository/Efc/EfcLoginPage/LoginButton' is clicked on

2019-01-06 16:42:30 - [MESSAGE][PASSED] - Object: 'Object Repository/Efc/EfcLoginPage/LoginButton' is clicked on

2019-01-06 16:42:30 - [TEST_STEP][PASSED] - clearText(findTestObject("Efc/EfcLoginPage/UserName")): Text of object 'Object Repository/Efc/EfcLoginPage/UserName' is cleared

2019-01-06 16:42:30 - [MESSAGE][PASSED] - Text of object 'Object Repository/Efc/EfcLoginPage/UserName' is cleared

2019-01-06 16:42:30 - [TEST_STEP][PASSED] - sendKeys(findTestObject("Efc/EfcLoginPage/UserName"), findTestData("UserData/New Test Data").getValue(1, 1)): Keys 'ben.doni@outlook.com' sent to object: 'Object Repository/Efc/EfcLoginPage/UserName'

2019-01-06 16:42:31 - [MESSAGE][PASSED] - Keys 'ben.doni@outlook.com' sent to object: 'Object Repository/Efc/EfcLoginPage/UserName'

2019-01-06 16:42:31 - [TEST_STEP][PASSED] - clearText(findTestObject("Efc/EfcLoginPage/Password"), STOP_ON_FAILURE): Text of object 'Object Repository/Efc/EfcLoginPage/Password' is cleared

2019-01-06 16:42:31 - [MESSAGE][PASSED] - Text of object 'Object Repository/Efc/EfcLoginPage/Password' is cleared

2019-01-06 16:42:31 - [TEST_STEP][PASSED] - sendKeys(findTestObject("Efc/EfcLoginPage/Password"), findTestData("UserData/New Test Data").getValue(2, 1)): Keys 'testing123' sent to object: 'Object Repository/Efc/EfcLoginPage/Password'

2019-01-06 16:42:31 - [MESSAGE][PASSED] - Keys 'testing123' sent to object: 'Object Repository/Efc/EfcLoginPage/Password'

2019-01-06 16:42:31 - [TEST_STEP][PASSED] - click(findTestObject("Efc/EfcLoginPage/LoginLink")): Object: 'Object Repository/Efc/EfcLoginPage/LoginLink' is clicked on

2019-01-06 16:42:36 - [MESSAGE][PASSED] - Object: 'Object Repository/Efc/EfcLoginPage/LoginLink' is clicked on

2019-01-06 16:42:36 - [TEST_STEP][PASSED] - verifyElementPresent(findTestObject("Efc/EfcLoginPage/WelcomeMessage"), timeOut): Object 'Object Repository/Efc/EfcLoginPage/WelcomeMessage' is present

2019-01-06 16:42:36 - [MESSAGE][PASSED] - Object 'Object Repository/Efc/EfcLoginPage/WelcomeMessage' is present

2019-01-06 16:42:36 - [TEST_STEP][PASSED] - click(findTestObject("Efc/EfcLoginPage/ProfileLink")): Object: 'Object Repository/Efc/EfcLoginPage/ProfileLink' is clicked on

2019-01-06 16:42:36 - [MESSAGE][PASSED] - Object: 'Object Repository/Efc/EfcLoginPage/ProfileLink' is clicked on

2019-01-06 16:42:36 - [TEST_STEP][PASSED] - scrollToElement(findTestObject("Efc/EfcLoginPage/Logout"), timeOut): Scroll to object 'Object Repository/Efc/EfcLoginPage/Logout' successfully

2019-01-06 16:42:36 - [MESSAGE][PASSED] - Scroll to object 'Object Repository/Efc/EfcLoginPage/Logout' successfully

2019-01-06 16:42:36 - [TEST_STEP][PASSED] - click(findTestObject("Efc/EfcLoginPage/Logout")): Object: 'Object Repository/Efc/EfcLoginPage/Logout' is clicked on

2019-01-06 16:42:46 - [MESSAGE][PASSED] - Object: 'Object Repository/Efc/EfcLoginPage/Logout' is clicked on

2019-01-06 16:42:46 - [TEST_STEP][PASSED] - closeBrowser(STOP_ON_FAILURE): Browser is closed

2019-01-06 16:42:47 - [MESSAGE][PASSED] - Browser is closed]]></system-out>
         <system-err><![CDATA[]]></system-err>
      </testcase>
      <system-out><![CDATA[2019-01-06 16:41:31 - [TEST_SUITE][PASSED] - LoginTestSuite: Test Cases/UserLogin/LoginWithParameterization]]></system-out>
      <system-err><![CDATA[]]></system-err>
   </testsuite>
</testsuites>
